<?xml version="1.0" encoding="UTF-8"?>
<!-- Generated by org.testng.reporters.JUnitXMLReporter -->
<testsuite hostname="NBAOTUAN-PC" name="Default test" tests="3" failures="0" timestamp="1 Jan 2016 05:48:16 GMT" time="170.515" errors="0">
  <testcase name="TC_JOOMLA_ARTICLE_09" time="57.629" classname="Articles.TM_JOOMLA_ARTICLE_003"/>
  <testcase name="TC_JOOMLA_ARTICLE_016" time="29.751" classname="Articles.TM_JOOMLA_ARTICLE_003"/>
  <testcase name="TC_JOOMLA_ARTICLE_010" time="31.781" classname="Articles.TM_JOOMLA_ARTICLE_003"/>
</testsuite> <!-- Default test -->
