<?xml version="1.0" encoding="UTF-8"?>
<testng-results skipped="0" failed="0" total="3" passed="3">
  <reporter-output>
  </reporter-output>
  <suite name="Default suite" duration-ms="183848" started-at="2016-01-01T06:50:27Z" finished-at="2016-01-01T06:53:31Z">
    <groups>
      <group name="regression">
        <method signature="TM_JOOMLA_ARTICLE_003.TC_JOOMLA_ARTICLE_09()[pri:0, instance:Articles.TM_JOOMLA_ARTICLE_003@14feea]" name="TC_JOOMLA_ARTICLE_09" class="Articles.TM_JOOMLA_ARTICLE_003"/>
        <method signature="TM_JOOMLA_ARTICLE_003.TC_JOOMLA_ARTICLE_016()[pri:0, instance:Articles.TM_JOOMLA_ARTICLE_003@14feea]" name="TC_JOOMLA_ARTICLE_016" class="Articles.TM_JOOMLA_ARTICLE_003"/>
        <method signature="TM_JOOMLA_ARTICLE_003.TC_JOOMLA_ARTICLE_010()[pri:0, instance:Articles.TM_JOOMLA_ARTICLE_003@14feea]" name="TC_JOOMLA_ARTICLE_010" class="Articles.TM_JOOMLA_ARTICLE_003"/>
      </group> <!-- regression -->
    </groups>
    <test name="Default test" duration-ms="183848" started-at="2016-01-01T06:50:27Z" finished-at="2016-01-01T06:53:31Z">
      <class name="Articles.TM_JOOMLA_ARTICLE_003">
        <test-method status="PASS" signature="Setup()[pri:0, instance:Articles.TM_JOOMLA_ARTICLE_003@14feea]" name="Setup" is-config="true" duration-ms="39554" started-at="2016-01-01T13:50:28Z" finished-at="2016-01-01T13:51:07Z">
          <reporter-output>
          </reporter-output>
        </test-method> <!-- Setup -->
        <test-method status="PASS" signature="TC_JOOMLA_ARTICLE_09()[pri:0, instance:Articles.TM_JOOMLA_ARTICLE_003@14feea]" name="TC_JOOMLA_ARTICLE_09" duration-ms="65457" started-at="2016-01-01T13:51:07Z" description="Verify user can search for articles using the filter text field" finished-at="2016-01-01T13:52:13Z">
          <reporter-output>
          </reporter-output>
        </test-method> <!-- TC_JOOMLA_ARTICLE_09 -->
        <test-method status="PASS" signature="TC_JOOMLA_ARTICLE_016()[pri:0, instance:Articles.TM_JOOMLA_ARTICLE_003@14feea]" name="TC_JOOMLA_ARTICLE_016" duration-ms="34281" started-at="2016-01-01T13:52:13Z" description="Verify user can change the feature property of articles using the Featured column" depends-on-methods="Articles.TM_JOOMLA_ARTICLE_003.TC_JOOMLA_ARTICLE_09" finished-at="2016-01-01T13:52:47Z">
          <reporter-output>
          </reporter-output>
        </test-method> <!-- TC_JOOMLA_ARTICLE_016 -->
        <test-method status="PASS" signature="TC_JOOMLA_ARTICLE_010()[pri:0, instance:Articles.TM_JOOMLA_ARTICLE_003@14feea]" name="TC_JOOMLA_ARTICLE_010" duration-ms="31842" started-at="2016-01-01T13:52:47Z" description="Verify user can search for articles using the filter dropdown lists" depends-on-methods="Articles.TM_JOOMLA_ARTICLE_003.TC_JOOMLA_ARTICLE_016" finished-at="2016-01-01T13:53:19Z">
          <reporter-output>
          </reporter-output>
        </test-method> <!-- TC_JOOMLA_ARTICLE_010 -->
        <test-method status="PASS" signature="teardown()[pri:0, instance:Articles.TM_JOOMLA_ARTICLE_003@14feea]" name="teardown" is-config="true" duration-ms="12683" started-at="2016-01-01T13:53:19Z" finished-at="2016-01-01T13:53:31Z">
          <reporter-output>
          </reporter-output>
        </test-method> <!-- teardown -->
      </class> <!-- Articles.TM_JOOMLA_ARTICLE_003 -->
    </test> <!-- Default test -->
  </suite> <!-- Default suite -->
</testng-results>
