<?xml version="1.0" encoding="UTF-8"?>
<testng-results skipped="0" failed="1" total="2" passed="1">
  <reporter-output>
  </reporter-output>
  <suite name="Default suite" duration-ms="226998" started-at="2016-01-01T16:45:04Z" finished-at="2016-01-01T16:48:51Z">
    <groups>
      <group name="regression">
        <method signature="TM_JOOMLA_ARTICLE_004.TC_JOOMLA_ARTICLE_011()[pri:0, instance:Articles.TM_JOOMLA_ARTICLE_004@13cb165]" name="TC_JOOMLA_ARTICLE_011" class="Articles.TM_JOOMLA_ARTICLE_004"/>
        <method signature="TM_JOOMLA_ARTICLE_004.TC_JOOMLA_ARTICLE_012()[pri:0, instance:Articles.TM_JOOMLA_ARTICLE_004@13cb165]" name="TC_JOOMLA_ARTICLE_012" class="Articles.TM_JOOMLA_ARTICLE_004"/>
      </group> <!-- regression -->
    </groups>
    <test name="Default test" duration-ms="226998" started-at="2016-01-01T16:45:04Z" finished-at="2016-01-01T16:48:51Z">
      <class name="Articles.TM_JOOMLA_ARTICLE_004">
        <test-method status="PASS" signature="Setup()[pri:0, instance:Articles.TM_JOOMLA_ARTICLE_004@13cb165]" name="Setup" is-config="true" duration-ms="43286" started-at="2016-01-01T23:45:04Z" finished-at="2016-01-01T23:45:48Z">
          <reporter-output>
          </reporter-output>
        </test-method> <!-- Setup -->
        <test-method status="PASS" signature="TC_JOOMLA_ARTICLE_011()[pri:0, instance:Articles.TM_JOOMLA_ARTICLE_004@13cb165]" name="TC_JOOMLA_ARTICLE_011" duration-ms="138016" started-at="2016-01-01T23:45:48Z" description="Verify user can sort the article table by ID column" finished-at="2016-01-01T23:48:06Z">
          <reporter-output>
          </reporter-output>
        </test-method> <!-- TC_JOOMLA_ARTICLE_011 -->
        <test-method status="FAIL" signature="TC_JOOMLA_ARTICLE_012()[pri:0, instance:Articles.TM_JOOMLA_ARTICLE_004@13cb165]" name="TC_JOOMLA_ARTICLE_012" duration-ms="33594" started-at="2016-01-01T23:48:06Z" description="Verify user can paging the articles using the paging control" depends-on-methods="Articles.TM_JOOMLA_ARTICLE_004.TC_JOOMLA_ARTICLE_011" finished-at="2016-01-01T23:48:39Z">
          <exception class="java.lang.NullPointerException">
            <full-stacktrace>
              <![CDATA[java.lang.NullPointerException
	at ac_common.CommonElements.doesPagingAll(CommonElements.java:458)
	at ac_pages.ac_ArticlesPage.doesPagingAll(ac_ArticlesPage.java:106)
	at Articles.TM_JOOMLA_ARTICLE_004.TC_JOOMLA_ARTICLE_012(TM_JOOMLA_ARTICLE_004.java:54)
	at sun.reflect.NativeMethodAccessorImpl.invoke0(Native Method)
	at sun.reflect.NativeMethodAccessorImpl.invoke(Unknown Source)
	at sun.reflect.DelegatingMethodAccessorImpl.invoke(Unknown Source)
	at java.lang.reflect.Method.invoke(Unknown Source)
	at org.testng.internal.MethodInvocationHelper.invokeMethod(MethodInvocationHelper.java:86)
	at org.testng.internal.Invoker.invokeMethod(Invoker.java:643)
	at org.testng.internal.Invoker.invokeTestMethod(Invoker.java:820)
	at org.testng.internal.Invoker.invokeTestMethods(Invoker.java:1128)
	at org.testng.internal.TestMethodWorker.invokeTestMethods(TestMethodWorker.java:129)
	at org.testng.internal.TestMethodWorker.run(TestMethodWorker.java:112)
	at org.testng.TestRunner.privateRun(TestRunner.java:782)
	at org.testng.TestRunner.run(TestRunner.java:632)
	at org.testng.SuiteRunner.runTest(SuiteRunner.java:366)
	at org.testng.SuiteRunner.runSequentially(SuiteRunner.java:361)
	at org.testng.SuiteRunner.privateRun(SuiteRunner.java:319)
	at org.testng.SuiteRunner.run(SuiteRunner.java:268)
	at org.testng.SuiteRunnerWorker.runSuite(SuiteRunnerWorker.java:52)
	at org.testng.SuiteRunnerWorker.run(SuiteRunnerWorker.java:86)
	at org.testng.TestNG.runSuitesSequentially(TestNG.java:1244)
	at org.testng.TestNG.runSuitesLocally(TestNG.java:1169)
	at org.testng.TestNG.run(TestNG.java:1064)
	at org.testng.remote.RemoteTestNG.run(RemoteTestNG.java:113)
	at org.testng.remote.RemoteTestNG.initAndRun(RemoteTestNG.java:206)
	at org.testng.remote.RemoteTestNG.main(RemoteTestNG.java:177)
]]>
            </full-stacktrace>
          </exception> <!-- java.lang.NullPointerException -->
          <reporter-output>
          </reporter-output>
        </test-method> <!-- TC_JOOMLA_ARTICLE_012 -->
        <test-method status="PASS" signature="teardown()[pri:0, instance:Articles.TM_JOOMLA_ARTICLE_004@13cb165]" name="teardown" is-config="true" duration-ms="12066" started-at="2016-01-01T23:48:39Z" finished-at="2016-01-01T23:48:51Z">
          <reporter-output>
          </reporter-output>
        </test-method> <!-- teardown -->
      </class> <!-- Articles.TM_JOOMLA_ARTICLE_004 -->
    </test> <!-- Default test -->
  </suite> <!-- Default suite -->
</testng-results>
